Build started 2018/11/3 14:52:18.
     1>Project "D:\EclipseWorkSpace\SwordOfferVisualStudio\SwordOffer\SwordOffer\SwordOffer.vcxproj" on node 2 (Build target(s)).
     1>ClCompile:
         D:\Program Files (x86)\Microsoft Visual Studio 12.0\VC\bin\CL.exe /c /ZI /nologo /W3 /WX- /sdl /Od /Oy- /D WIN32 /D _DEBUG /D _CONSOLE /D _UNICODE /D UNICODE /Gm /EHsc /RTC1 /MDd /GS /fp:precise /Zc:wchar_t /Zc:forScope /Yc"stdafx.h" /Fp"Debug\SwordOffer.pch" /Fo"Debug\\" /Fd"Debug\vc120.pdb" /Gd /TP /analyze- /errorReport:prompt stdafx.cpp
         stdafx.cpp
         D:\Program Files (x86)\Microsoft Visual Studio 12.0\VC\bin\CL.exe /c /ZI /nologo /W3 /WX- /sdl /Od /Oy- /D WIN32 /D _DEBUG /D _CONSOLE /D _UNICODE /D UNICODE /Gm /EHsc /RTC1 /MDd /GS /fp:precise /Zc:wchar_t /Zc:forScope /Yu"stdafx.h" /Fp"Debug\SwordOffer.pch" /Fo"Debug\\" /Fd"Debug\vc120.pdb" /Gd /TP /analyze- /errorReport:prompt DoubleList.cpp List.cpp MyString.cpp StackSample.cpp StackWithMin.cpp SwordOffer.cpp Tree.cpp
         Tree.cpp
     1>d:\eclipseworkspace\swordoffervisualstudio\swordoffer\swordoffer\tree.cpp(319): warning C4018: '<' : signed/unsigned mismatch
         SwordOffer.cpp
     1>d:\eclipseworkspace\swordoffervisualstudio\swordoffer\swordoffer\swordoffer.cpp(84): warning C4018: '<' : signed/unsigned mismatch
         StackWithMin.cpp
         StackSample.cpp
         MyString.cpp
     1>d:\eclipseworkspace\swordoffervisualstudio\swordoffer\swordoffer\mystring.cpp(1): warning C4627: '#include "MyString.h"': skipped when looking for precompiled header use
                 Add directive to 'stdafx.h' or rebuild precompiled header
         List.cpp
         DoubleList.cpp
     1>d:\eclipseworkspace\swordoffervisualstudio\swordoffer\swordoffer\doublelist.cpp(67): warning C4018: '<' : signed/unsigned mismatch
     1>d:\eclipseworkspace\swordoffervisualstudio\swordoffer\swordoffer\doublelist.cpp(91): warning C4018: '<' : signed/unsigned mismatch
     1>d:\eclipseworkspace\swordoffervisualstudio\swordoffer\swordoffer\doublelist.cpp(101): warning C4018: '<' : signed/unsigned mismatch
         Generating Code...
       Link:
         D:\Program Files (x86)\Microsoft Visual Studio 12.0\VC\bin\link.exe /ERRORREPORT:PROMPT /OUT:"D:\EclipseWorkSpace\SwordOfferVisualStudio\SwordOffer\Debug\SwordOffer.exe" /INCREMENTAL /NOLOGO kernel32.lib user32.lib gdi32.lib winspool.lib comdlg32.lib advapi32.lib shell32.lib ole32.lib oleaut32.lib uuid.lib odbc32.lib odbccp32.lib /MANIFEST /MANIFESTUAC:"level='asInvoker' uiAccess='false'" /manifest:embed /DEBUG /PDB:"D:\EclipseWorkSpace\SwordOfferVisualStudio\SwordOffer\Debug\SwordOffer.pdb" /SUBSYSTEM:CONSOLE /TLBID:1 /DYNAMICBASE /NXCOMPAT /IMPLIB:"D:\EclipseWorkSpace\SwordOfferVisualStudio\SwordOffer\Debug\SwordOffer.lib" /MACHINE:X86 Debug\DoubleList.obj
         Debug\List.obj
         Debug\MyString.obj
         Debug\StackSample.obj
         Debug\StackWithMin.obj
         Debug\stdafx.obj
         Debug\SwordOffer.obj
         Debug\Tree.obj
         SwordOffer.vcxproj -> D:\EclipseWorkSpace\SwordOfferVisualStudio\SwordOffer\Debug\SwordOffer.exe
     1>Done Building Project "D:\EclipseWorkSpace\SwordOfferVisualStudio\SwordOffer\SwordOffer\SwordOffer.vcxproj" (Build target(s)).

Build succeeded.

Time Elapsed 00:00:01.99
